<testsuites>
  <testsuite name="Finaktiva">
    <testcase classname="k" name="Plataforma de creditos digitales Social" time="221377.982" />
    <testcase classname="k" name="Plataforma de creditos digitales Social" time="57902.956" />
    <testcase classname="k" name="Plataforma de creditos digitales Social" time="117274.298" />
    <testcase classname="k" name="Plataforma de creditos digitales Social" time="260080.571" />
    <testcase classname="k" name="Plataforma de creditos digitales Social" time="55800.509" />
    <testcase classname="k" name="Plataforma de creditos digitales Social" time="118245.547" />
    <testcase classname="k" name="Plataforma de creditos digitales Social" time="275247.464" />
    <testcase classname="k" name="Plataforma de creditos digitales Social" time="69660.258" />
    <testcase classname="k" name="Plataforma de creditos digitales Social" time="144347.347" />
    <testcase classname="k" name="Plataforma de creditos digitales Social" time="230677.445" />
    <testcase classname="k" name="Plataforma de creditos digitales Social" time="67682.831" />
    <testcase classname="k" name="Plataforma de creditos digitales Social" time="133489.002" />
    <testcase classname="k" name="Plataforma de creditos digitales Social" time="249074.995" />
    <testcase classname="k" name="Plataforma de creditos digitales Social" time="50833.424" />
    <testcase classname="k" name="Plataforma de creditos digitales Social" time="118279.802" />
    <testcase classname="k" name="Plataforma de creditos digitales Social" time="216554.682" />
    <testcase classname="k" name="Plataforma de creditos digitales Social" time="49566.552" />
    <testcase classname="k" name="Plataforma de creditos digitales Social" time="113624.439" />
    <testcase classname="k" name="Plataforma de creditos digitales Social" time="221015.907" />
    <testcase classname="k" name="Plataforma de creditos digitales Social" time="34609.993" />
    <testcase classname="k" name="Plataforma de creditos digitales Social" time="95228.279" />
    <testcase classname="k" name="Plataforma de creditos digitales Social" time="205063.528" />
    <testcase classname="k" name="Plataforma de creditos digitales Social" time="49220.312" />
    <testcase classname="k" name="Plataforma de creditos digitales Social" time="108515.209" />
    <testcase classname="k" name="Plataforma de creditos digitales Social" time="205621.239" />
    <testcase classname="k" name="Plataforma de creditos digitales Social" time="44280.394" />
    <testcase classname="k" name="Plataforma de creditos digitales Social" time="105796.753" />
    <testcase classname="k" name="Plataforma de creditos digitales Social" time="200239.294" />
    <testcase classname="k" name="Plataforma de creditos digitales Social" time="53523.755" />
    <testcase classname="k" name="Plataforma de creditos digitales Social" time="112182.527" />
    <testcase classname="k" name="Plataforma de creditos digitales Social" time="230023.793" />
    <testcase classname="k" name="Plataforma de creditos digitales Social" time="57349.898" />
    <testcase classname="k" name="Plataforma de creditos digitales Social" time="123336.146" />
    <testcase classname="k" name="Plataforma de creditos digitales Social" time="27618.472" />
    <testcase classname="k" name="Plataforma de creditos digitales Social" time="89891.225" />
    <testcase classname="k" name="Plataforma de creditos digitales Social" time="149214.249" />
    <testcase classname="k" name="Plataforma de creditos digitales Social" time="274949.458" />
    <testcase classname="k" name="Plataforma de creditos digitales Social" time="98718.702" />
    <testcase classname="k" name="Plataforma de creditos digitales Social" time="159120.482" />
    <testcase classname="k" name="Plataforma de creditos digitales Social" time="208550.028" />
    <testcase classname="k" name="Plataforma de creditos digitales Social" time="103496.364" />
    <testcase classname="k" name="Plataforma de creditos digitales Social" time="180184.431" />
  </testsuite>
</testsuites>