<testsuites>
  <testsuite name="Finaktiva">
    <testcase classname="k" name="Plataforma de creditos digitales Social" time="56200.197">
      <failure message="Error (SolicitudPaso5_Parte1).(CerrarCollapse).SeClick() " type="ERROR">Action not executed for the element By.CssSelector: img[class*='panel-heading--icons__img'][src*='down-arrow.png'] - element click intercepted: Element &lt;img _ngcontent-feu-c124="" src="../../../../../assets/icons/down-arrow.png" alt="" class="panel-heading--icons__img panel-heading--rotate"&gt; is not clickable at point (1209, 113). Other element would receive the click: &lt;div _ngcontent-feu-c110="" class="container-button-item"&gt;...&lt;/div&gt;
  (Session info: headless chrome=96.0.4664.45)</failure>
    </testcase>
  </testsuite>
</testsuites>