<testsuites>
  <testsuite name="Finaktiva">
    <testcase classname="k" name="Plataforma de creditos digitales Social" time="586952.181">
      <failure message="Error (SolicitudPaso5_Parte1).(CerrarCollapse).SeClick() " type="ERROR">Action not executed for the element By.CssSelector: img[class*='panel-heading--icons__img'][src*='down-arrow.png'] - element click intercepted: Element &lt;img _ngcontent-efo-c124="" src="../../../../../assets/icons/down-arrow.png" alt="" class="panel-heading--icons__img panel-heading--rotate"&gt; is not clickable at point (1209, 113). Other element would receive the click: &lt;div _ngcontent-efo-c110="" class="container-button-item"&gt;...&lt;/div&gt;
  (Session info: headless chrome=96.0.4664.45)</failure>
    </testcase>
    <testcase classname="k" name="Plataforma de creditos digitales Social" time="523258.321">
      <failure message="Error (SolicitudPaso5_Parte1).(CerrarCollapse).SeClick() " type="ERROR">Action not executed for the element By.CssSelector: img[class*='panel-heading--icons__img'][src*='down-arrow.png'] - element click intercepted: Element &lt;img _ngcontent-tvq-c124="" src="../../../../../assets/icons/down-arrow.png" alt="" class="panel-heading--icons__img panel-heading--rotate"&gt; is not clickable at point (1209, 113). Other element would receive the click: &lt;div _ngcontent-tvq-c110="" class="container-button-item"&gt;...&lt;/div&gt;
  (Session info: headless chrome=96.0.4664.45)</failure>
    </testcase>
    <testcase classname="k" name="Plataforma de creditos digitales Social" time="714909.757">
      <failure message="Error (SolicitudPaso5_Parte1).(Esperar100Porciento).SeWaitForElement() " type="ERROR">Action not executed for the element By.XPath: //*[@class='panel-heading--icons']//child::span[text()='100%'] - Index was out of range. Must be non-negative and less than the size of the collection. (Parameter 'index')</failure>
    </testcase>
  </testsuite>
</testsuites>