<testsuites>
  <testsuite name="NuevaEPS">
    <testcase classname="GreenSQA.AiMaps.CustomLogic.GMap+NuevaEPSTests" name="ShouldDisplayNotValidIDTest" time="56.563">
      <failure message="BeforeLogic: Error (Home).(ClickNewAppointment).SeClick() -- no such window: target window already closedfrom unknown error: web view not found  (Session info: chrome=94.0.4606.81) " type="ERROR">
      </failure>
    </testcase>
    <testcase classname="GreenSQA.AiMaps.CustomLogic.GMap+NuevaEPSTests" name="ShouldDisplayNotValidIDTest" time="14.057">
      <failure message="BeforeLogic: Error (Home).(Navigate).SeNavigateToAndMaximize() -- no such window: target window already closedfrom unknown error: web view not found  (Session info: chrome=94.0.4606.81) " type="ERROR">
      </failure>
    </testcase>
  </testsuite>
</testsuites>