<testsuites>
  <testsuite name="Finaktiva">
    <testcase classname="k" name="Plataforma de creditos digitales Social" time="4231.756" />
    <testcase classname="k" name="Plataforma de creditos digitales Social" time="173781.357" />
  </testsuite>
</testsuites>